<?xml version="1.0" encoding="UTF-8"?>
<testng-results ignored="0" total="1" passed="1" failed="0" skipped="0">
  <reporter-output>
  </reporter-output>
  <suite started-at="2021-05-06T14:12:21 ICT" name="Default suite" finished-at="2021-05-06T14:12:29 ICT" duration-ms="8155">
    <groups>
    </groups>
    <test started-at="2021-05-06T14:12:21 ICT" name="Default test" finished-at="2021-05-06T14:12:29 ICT" duration-ms="8155">
      <class name="grid.NewTestGrid">
        <test-method signature="f()[pri:0, instance:grid.NewTestGrid@4b0b0854]" started-at="2021-05-06T14:12:21 ICT" name="f" finished-at="2021-05-06T14:12:29 ICT" duration-ms="8105" status="PASS">
          <reporter-output>
          </reporter-output>
        </test-method> <!-- f -->
      </class> <!-- grid.NewTestGrid -->
    </test> <!-- Default test -->
  </suite> <!-- Default suite -->
</testng-results>
